INFO 2025-09-23 19:05:15,732 [autoreload] Watching for file changes with StatReloader
INFO 2025-09-23 19:05:25,121 [views_home] Accueil visité
DEBUG 2025-09-23 19:05:25,472 [views_home] Visite anonyme - Redirection vers access_restricted.html
INFO 2025-09-23 19:05:25,552 [basehttp] "GET / HTTP/1.1" 200 15802
WARNING 2025-09-23 19:05:25,754 [log] Not Found: /favicon.ico
WARNING 2025-09-23 19:05:25,755 [basehttp] "GET /favicon.ico HTTP/1.1" 404 20082
INFO 2025-09-23 19:05:30,913 [basehttp] "GET /auth/login/ HTTP/1.1" 200 16107
INFO 2025-09-23 19:05:36,148 [basehttp] "POST /auth/login/ HTTP/1.1" 302 0
INFO 2025-09-23 19:05:36,154 [views_home] Accueil visité
INFO 2025-09-23 19:05:36,262 [basehttp] "GET / HTTP/1.1" 200 17257
WARNING 2025-09-23 19:05:36,291 [basehttp] "GET /static/css/styles.css HTTP/1.1" 404 1856
INFO 2025-09-23 19:05:43,481 [basehttp] "GET /gestion/utilisateurs/ HTTP/1.1" 200 28023
INFO 2025-09-23 19:05:45,414 [basehttp] "GET /gestion/utilisateurs/3/detail/ HTTP/1.1" 200 17356
INFO 2025-09-23 19:05:45,636 [basehttp] "GET /__debug__/history_sidebar/?store_id=190861e9b45a4ffd8862bbb4eafdae0c HTTP/1.1" 200 10185
INFO 2025-09-23 19:05:51,723 [basehttp] "GET /observations/4/ HTTP/1.1" 200 20042
WARNING 2025-09-23 19:05:51,751 [basehttp] "GET /static/css/styles.css HTTP/1.1" 404 1856
INFO 2025-09-23 19:06:04,386 [basehttp] "GET /observations/modifier/4/ HTTP/1.1" 200 44648
WARNING 2025-09-23 19:06:04,413 [basehttp] "GET /static/css/styles.css HTTP/1.1" 404 1856
WARNING 2025-09-23 19:06:07,417 [log] Not Found: /media/transcription_results/3_3264_001_combined_result.json
WARNING 2025-09-23 19:06:07,417 [basehttp] "GET /media/transcription_results/3_3264_001_combined_result.json HTTP/1.1" 404 20360
INFO 2025-09-23 19:06:15,282 [basehttp] "GET /media/Rep1/3_3264_001_combined.jpg HTTP/1.1" 200 804025
INFO 2025-09-23 19:09:56,634 [autoreload] Watching for file changes with StatReloader
INFO 2025-09-23 19:25:46,300 [autoreload] Watching for file changes with StatReloader
INFO 2025-09-23 19:25:58,222 [views_home] Accueil visité
INFO 2025-09-23 19:25:58,954 [basehttp] "GET / HTTP/1.1" 200 17257
WARNING 2025-09-23 19:25:58,987 [basehttp] "GET /static/css/styles.css HTTP/1.1" 404 1856
INFO 2025-09-23 19:26:04,853 [basehttp] "GET /transcription/selection-repertoire/ HTTP/1.1" 200 18306
INFO 2025-09-23 19:26:13,367 [basehttp] "POST /transcription/selection-repertoire/ HTTP/1.1" 200 55
INFO 2025-09-23 19:26:13,594 [basehttp] "GET /__debug__/history_sidebar/?store_id=1c6d46e1cce64967b5a8891c0df1d915 HTTP/1.1" 200 10128
INFO 2025-09-23 19:26:19,976 [tasks] Début du traitement de 5 images dans Rep1
INFO 2025-09-23 19:26:19,976 [tasks] Traitement de l'image 1/5: 1_3264_001_combined.jpg
INFO 2025-09-23 19:26:20,016 [basehttp] "GET /transcription/traiter-images/ HTTP/1.1" 200 26348
DEBUG 2025-09-23 19:26:20,064 [view_transcription] check_progress for task e276adc0-8879-444d-96c0-95516d287cef: status=PROGRESS
DEBUG 2025-09-23 19:26:20,066 [view_transcription] check_progress response for task e276adc0-8879-444d-96c0-95516d287cef: {'status': 'PROGRESS', 'task_id': 'e276adc0-8879-444d-96c0-95516d287cef', 'processed': 0, 'total': 5, 'current_file': '1_3264_001_combined.jpg', 'percent': 0, 'recent_results': [], 'message': 'Traitement en cours...'}
INFO 2025-09-23 19:26:20,087 [basehttp] "GET /transcription/verifier-progression/ HTTP/1.1" 200 217
DEBUG 2025-09-23 19:26:22,097 [view_transcription] check_progress for task e276adc0-8879-444d-96c0-95516d287cef: status=PROGRESS
DEBUG 2025-09-23 19:26:22,100 [view_transcription] check_progress response for task e276adc0-8879-444d-96c0-95516d287cef: {'status': 'PROGRESS', 'task_id': 'e276adc0-8879-444d-96c0-95516d287cef', 'processed': 0, 'total': 5, 'current_file': '1_3264_001_combined.jpg', 'percent': 0, 'recent_results': [], 'message': 'Traitement en cours...'}
INFO 2025-09-23 19:26:22,112 [basehttp] "GET /transcription/verifier-progression/ HTTP/1.1" 200 217
INFO 2025-09-23 19:26:22,334 [basehttp] "GET /__debug__/history_sidebar/?store_id=c34058d367cd423abd01fa420087fe44 HTTP/1.1" 200 10125
DEBUG 2025-09-23 19:26:24,081 [view_transcription] check_progress for task e276adc0-8879-444d-96c0-95516d287cef: status=PROGRESS
DEBUG 2025-09-23 19:26:24,081 [view_transcription] check_progress response for task e276adc0-8879-444d-96c0-95516d287cef: {'status': 'PROGRESS', 'task_id': 'e276adc0-8879-444d-96c0-95516d287cef', 'processed': 0, 'total': 5, 'current_file': '1_3264_001_combined.jpg', 'percent': 0, 'recent_results': [], 'message': 'Traitement en cours...'}
INFO 2025-09-23 19:26:24,092 [basehttp] "GET /transcription/verifier-progression/ HTTP/1.1" 200 217
INFO 2025-09-23 19:26:24,302 [basehttp] "GET /__debug__/history_sidebar/?store_id=ae9260400ff34da192d3019ef39ac97e HTTP/1.1" 200 10124
DEBUG 2025-09-23 19:26:26,060 [view_transcription] check_progress for task e276adc0-8879-444d-96c0-95516d287cef: status=PROGRESS
DEBUG 2025-09-23 19:26:26,061 [view_transcription] check_progress response for task e276adc0-8879-444d-96c0-95516d287cef: {'status': 'PROGRESS', 'task_id': 'e276adc0-8879-444d-96c0-95516d287cef', 'processed': 0, 'total': 5, 'current_file': '1_3264_001_combined.jpg', 'percent': 0, 'recent_results': [], 'message': 'Traitement en cours...'}
INFO 2025-09-23 19:26:26,072 [basehttp] "GET /transcription/verifier-progression/ HTTP/1.1" 200 217
INFO 2025-09-23 19:26:26,291 [basehttp] "GET /__debug__/history_sidebar/?store_id=2360a69cb7564abb8c4cab22835e57fb HTTP/1.1" 200 10124
DEBUG 2025-09-23 19:26:27,908 [tasks] JSON correctement parsé pour 1_3264_001_combined.jpg
INFO 2025-09-23 19:26:27,910 [tasks] Transcription réussie pour 1_3264_001_combined.jpg, durée: 7.93s
INFO 2025-09-23 19:26:27,910 [tasks] Traitement de l'image 2/5: 3_3264_001_combined.jpg
DEBUG 2025-09-23 19:26:28,119 [view_transcription] check_progress for task e276adc0-8879-444d-96c0-95516d287cef: status=PROGRESS
DEBUG 2025-09-23 19:26:28,121 [view_transcription] check_progress response for task e276adc0-8879-444d-96c0-95516d287cef: {'status': 'PROGRESS', 'task_id': 'e276adc0-8879-444d-96c0-95516d287cef', 'processed': 1, 'total': 5, 'current_file': '3_3264_001_combined.jpg', 'percent': 20, 'recent_results': [{'filename': '1_3264_001_combined.jpg', 'status': 'success', 'json_path': '1_3264_001_combined_result.json', 'duration': 7.93}], 'message': 'Traitement en cours...'}
INFO 2025-09-23 19:26:28,153 [basehttp] "GET /transcription/verifier-progression/ HTTP/1.1" 200 344
INFO 2025-09-23 19:26:28,363 [basehttp] "GET /__debug__/history_sidebar/?store_id=e2ab1d8d1d53479db74e4211d311f03b HTTP/1.1" 200 10125
DEBUG 2025-09-23 19:26:30,066 [view_transcription] check_progress for task e276adc0-8879-444d-96c0-95516d287cef: status=PROGRESS
DEBUG 2025-09-23 19:26:30,068 [view_transcription] check_progress response for task e276adc0-8879-444d-96c0-95516d287cef: {'status': 'PROGRESS', 'task_id': 'e276adc0-8879-444d-96c0-95516d287cef', 'processed': 1, 'total': 5, 'current_file': '3_3264_001_combined.jpg', 'percent': 20, 'recent_results': [{'filename': '1_3264_001_combined.jpg', 'status': 'success', 'json_path': '1_3264_001_combined_result.json', 'duration': 7.93}], 'message': 'Traitement en cours...'}
INFO 2025-09-23 19:26:30,080 [basehttp] "GET /transcription/verifier-progression/ HTTP/1.1" 200 344
INFO 2025-09-23 19:26:30,299 [basehttp] "GET /__debug__/history_sidebar/?store_id=665663d6474544d18153ee1f8a7672bf HTTP/1.1" 200 10124
DEBUG 2025-09-23 19:26:32,053 [view_transcription] check_progress for task e276adc0-8879-444d-96c0-95516d287cef: status=PROGRESS
DEBUG 2025-09-23 19:26:32,054 [view_transcription] check_progress response for task e276adc0-8879-444d-96c0-95516d287cef: {'status': 'PROGRESS', 'task_id': 'e276adc0-8879-444d-96c0-95516d287cef', 'processed': 1, 'total': 5, 'current_file': '3_3264_001_combined.jpg', 'percent': 20, 'recent_results': [{'filename': '1_3264_001_combined.jpg', 'status': 'success', 'json_path': '1_3264_001_combined_result.json', 'duration': 7.93}], 'message': 'Traitement en cours...'}
INFO 2025-09-23 19:26:32,065 [basehttp] "GET /transcription/verifier-progression/ HTTP/1.1" 200 344
INFO 2025-09-23 19:26:32,275 [basehttp] "GET /__debug__/history_sidebar/?store_id=568d86fb3d344f8a97d10cc4b07b50c4 HTTP/1.1" 200 10124
DEBUG 2025-09-23 19:26:34,073 [view_transcription] check_progress for task e276adc0-8879-444d-96c0-95516d287cef: status=PROGRESS
DEBUG 2025-09-23 19:26:34,076 [view_transcription] check_progress response for task e276adc0-8879-444d-96c0-95516d287cef: {'status': 'PROGRESS', 'task_id': 'e276adc0-8879-444d-96c0-95516d287cef', 'processed': 1, 'total': 5, 'current_file': '3_3264_001_combined.jpg', 'percent': 20, 'recent_results': [{'filename': '1_3264_001_combined.jpg', 'status': 'success', 'json_path': '1_3264_001_combined_result.json', 'duration': 7.93}], 'message': 'Traitement en cours...'}
INFO 2025-09-23 19:26:34,089 [basehttp] "GET /transcription/verifier-progression/ HTTP/1.1" 200 344
INFO 2025-09-23 19:26:34,311 [basehttp] "GET /__debug__/history_sidebar/?store_id=d3f1612cdbb94b25863a046c7a09b742 HTTP/1.1" 200 10125
DEBUG 2025-09-23 19:26:36,057 [view_transcription] check_progress for task e276adc0-8879-444d-96c0-95516d287cef: status=PROGRESS
DEBUG 2025-09-23 19:26:36,058 [view_transcription] check_progress response for task e276adc0-8879-444d-96c0-95516d287cef: {'status': 'PROGRESS', 'task_id': 'e276adc0-8879-444d-96c0-95516d287cef', 'processed': 1, 'total': 5, 'current_file': '3_3264_001_combined.jpg', 'percent': 20, 'recent_results': [{'filename': '1_3264_001_combined.jpg', 'status': 'success', 'json_path': '1_3264_001_combined_result.json', 'duration': 7.93}], 'message': 'Traitement en cours...'}
INFO 2025-09-23 19:26:36,070 [basehttp] "GET /transcription/verifier-progression/ HTTP/1.1" 200 344
INFO 2025-09-23 19:26:36,288 [basehttp] "GET /__debug__/history_sidebar/?store_id=8eca144614424221977bcbe15280bf95 HTTP/1.1" 200 10124
DEBUG 2025-09-23 19:26:36,970 [tasks] JSON correctement parsé pour 3_3264_001_combined.jpg
INFO 2025-09-23 19:26:36,972 [tasks] Transcription réussie pour 3_3264_001_combined.jpg, durée: 9.06s
INFO 2025-09-23 19:26:36,973 [tasks] Traitement de l'image 3/5: 5_3264_001_combined.jpg
DEBUG 2025-09-23 19:26:38,103 [view_transcription] check_progress for task e276adc0-8879-444d-96c0-95516d287cef: status=PROGRESS
DEBUG 2025-09-23 19:26:38,105 [view_transcription] check_progress response for task e276adc0-8879-444d-96c0-95516d287cef: {'status': 'PROGRESS', 'task_id': 'e276adc0-8879-444d-96c0-95516d287cef', 'processed': 2, 'total': 5, 'current_file': '5_3264_001_combined.jpg', 'percent': 40, 'recent_results': [{'filename': '1_3264_001_combined.jpg', 'status': 'success', 'json_path': '1_3264_001_combined_result.json', 'duration': 7.93}, {'filename': '3_3264_001_combined.jpg', 'status': 'success', 'json_path': '3_3264_001_combined_result.json', 'duration': 9.06}], 'message': 'Traitement en cours...'}
INFO 2025-09-23 19:26:38,149 [basehttp] "GET /transcription/verifier-progression/ HTTP/1.1" 200 472
INFO 2025-09-23 19:26:38,358 [basehttp] "GET /__debug__/history_sidebar/?store_id=a12281edc2d643388178a56213771347 HTTP/1.1" 200 10124
DEBUG 2025-09-23 19:26:40,809 [view_transcription] check_progress for task e276adc0-8879-444d-96c0-95516d287cef: status=PROGRESS
DEBUG 2025-09-23 19:26:40,811 [view_transcription] check_progress response for task e276adc0-8879-444d-96c0-95516d287cef: {'status': 'PROGRESS', 'task_id': 'e276adc0-8879-444d-96c0-95516d287cef', 'processed': 2, 'total': 5, 'current_file': '5_3264_001_combined.jpg', 'percent': 40, 'recent_results': [{'filename': '1_3264_001_combined.jpg', 'status': 'success', 'json_path': '1_3264_001_combined_result.json', 'duration': 7.93}, {'filename': '3_3264_001_combined.jpg', 'status': 'success', 'json_path': '3_3264_001_combined_result.json', 'duration': 9.06}], 'message': 'Traitement en cours...'}
INFO 2025-09-23 19:26:40,830 [basehttp] "GET /transcription/verifier-progression/ HTTP/1.1" 200 472
INFO 2025-09-23 19:26:41,781 [basehttp] "GET /__debug__/history_sidebar/?store_id=eba9bb110a734064917a0d1983ead6c1 HTTP/1.1" 200 10124
DEBUG 2025-09-23 19:26:42,837 [view_transcription] check_progress for task e276adc0-8879-444d-96c0-95516d287cef: status=PROGRESS
DEBUG 2025-09-23 19:26:42,841 [view_transcription] check_progress response for task e276adc0-8879-444d-96c0-95516d287cef: {'status': 'PROGRESS', 'task_id': 'e276adc0-8879-444d-96c0-95516d287cef', 'processed': 2, 'total': 5, 'current_file': '5_3264_001_combined.jpg', 'percent': 40, 'recent_results': [{'filename': '1_3264_001_combined.jpg', 'status': 'success', 'json_path': '1_3264_001_combined_result.json', 'duration': 7.93}, {'filename': '3_3264_001_combined.jpg', 'status': 'success', 'json_path': '3_3264_001_combined_result.json', 'duration': 9.06}], 'message': 'Traitement en cours...'}
INFO 2025-09-23 19:26:42,851 [basehttp] "GET /transcription/verifier-progression/ HTTP/1.1" 200 472
INFO 2025-09-23 19:26:43,794 [basehttp] "GET /__debug__/history_sidebar/?store_id=586cc495d6ce4440b4680ef14d71bcf7 HTTP/1.1" 200 10125
DEBUG 2025-09-23 19:26:44,707 [tasks] JSON correctement parsé pour 5_3264_001_combined.jpg
INFO 2025-09-23 19:26:44,709 [tasks] Transcription réussie pour 5_3264_001_combined.jpg, durée: 7.74s
INFO 2025-09-23 19:26:44,709 [tasks] Traitement de l'image 4/5: 7_3264_001_combined.jpg
DEBUG 2025-09-23 19:26:44,835 [view_transcription] check_progress for task e276adc0-8879-444d-96c0-95516d287cef: status=PROGRESS
DEBUG 2025-09-23 19:26:44,837 [view_transcription] check_progress response for task e276adc0-8879-444d-96c0-95516d287cef: {'status': 'PROGRESS', 'task_id': 'e276adc0-8879-444d-96c0-95516d287cef', 'processed': 3, 'total': 5, 'current_file': '7_3264_001_combined.jpg', 'percent': 60, 'recent_results': [{'filename': '1_3264_001_combined.jpg', 'status': 'success', 'json_path': '1_3264_001_combined_result.json', 'duration': 7.93}, {'filename': '3_3264_001_combined.jpg', 'status': 'success', 'json_path': '3_3264_001_combined_result.json', 'duration': 9.06}, {'filename': '5_3264_001_combined.jpg', 'status': 'success', 'json_path': '5_3264_001_combined_result.json', 'duration': 7.74}], 'message': 'Traitement en cours...'}
INFO 2025-09-23 19:26:44,852 [basehttp] "GET /transcription/verifier-progression/ HTTP/1.1" 200 600
INFO 2025-09-23 19:26:45,784 [basehttp] "GET /__debug__/history_sidebar/?store_id=e700d279045c43c1b83b0e8c85d4da4d HTTP/1.1" 200 10124
DEBUG 2025-09-23 19:26:46,833 [view_transcription] check_progress for task e276adc0-8879-444d-96c0-95516d287cef: status=PROGRESS
DEBUG 2025-09-23 19:26:46,834 [view_transcription] check_progress response for task e276adc0-8879-444d-96c0-95516d287cef: {'status': 'PROGRESS', 'task_id': 'e276adc0-8879-444d-96c0-95516d287cef', 'processed': 3, 'total': 5, 'current_file': '7_3264_001_combined.jpg', 'percent': 60, 'recent_results': [{'filename': '1_3264_001_combined.jpg', 'status': 'success', 'json_path': '1_3264_001_combined_result.json', 'duration': 7.93}, {'filename': '3_3264_001_combined.jpg', 'status': 'success', 'json_path': '3_3264_001_combined_result.json', 'duration': 9.06}, {'filename': '5_3264_001_combined.jpg', 'status': 'success', 'json_path': '5_3264_001_combined_result.json', 'duration': 7.74}], 'message': 'Traitement en cours...'}
INFO 2025-09-23 19:26:46,846 [basehttp] "GET /transcription/verifier-progression/ HTTP/1.1" 200 600
INFO 2025-09-23 19:26:47,786 [basehttp] "GET /__debug__/history_sidebar/?store_id=3a633163e52f4c1d97f840b7f1ceb47a HTTP/1.1" 200 10125
DEBUG 2025-09-23 19:26:48,824 [view_transcription] check_progress for task e276adc0-8879-444d-96c0-95516d287cef: status=PROGRESS
DEBUG 2025-09-23 19:26:48,825 [view_transcription] check_progress response for task e276adc0-8879-444d-96c0-95516d287cef: {'status': 'PROGRESS', 'task_id': 'e276adc0-8879-444d-96c0-95516d287cef', 'processed': 3, 'total': 5, 'current_file': '7_3264_001_combined.jpg', 'percent': 60, 'recent_results': [{'filename': '1_3264_001_combined.jpg', 'status': 'success', 'json_path': '1_3264_001_combined_result.json', 'duration': 7.93}, {'filename': '3_3264_001_combined.jpg', 'status': 'success', 'json_path': '3_3264_001_combined_result.json', 'duration': 9.06}, {'filename': '5_3264_001_combined.jpg', 'status': 'success', 'json_path': '5_3264_001_combined_result.json', 'duration': 7.74}], 'message': 'Traitement en cours...'}
INFO 2025-09-23 19:26:48,839 [basehttp] "GET /transcription/verifier-progression/ HTTP/1.1" 200 600
INFO 2025-09-23 19:26:49,796 [basehttp] "GET /__debug__/history_sidebar/?store_id=3914927b75344fa19634afa125ffb0e0 HTTP/1.1" 200 10124
DEBUG 2025-09-23 19:26:50,827 [view_transcription] check_progress for task e276adc0-8879-444d-96c0-95516d287cef: status=PROGRESS
DEBUG 2025-09-23 19:26:50,828 [view_transcription] check_progress response for task e276adc0-8879-444d-96c0-95516d287cef: {'status': 'PROGRESS', 'task_id': 'e276adc0-8879-444d-96c0-95516d287cef', 'processed': 3, 'total': 5, 'current_file': '7_3264_001_combined.jpg', 'percent': 60, 'recent_results': [{'filename': '1_3264_001_combined.jpg', 'status': 'success', 'json_path': '1_3264_001_combined_result.json', 'duration': 7.93}, {'filename': '3_3264_001_combined.jpg', 'status': 'success', 'json_path': '3_3264_001_combined_result.json', 'duration': 9.06}, {'filename': '5_3264_001_combined.jpg', 'status': 'success', 'json_path': '5_3264_001_combined_result.json', 'duration': 7.74}], 'message': 'Traitement en cours...'}
INFO 2025-09-23 19:26:50,838 [basehttp] "GET /transcription/verifier-progression/ HTTP/1.1" 200 600
INFO 2025-09-23 19:26:51,782 [basehttp] "GET /__debug__/history_sidebar/?store_id=6339cb2fd6014c80aa71ae190811fe23 HTTP/1.1" 200 10125
DEBUG 2025-09-23 19:26:52,827 [view_transcription] check_progress for task e276adc0-8879-444d-96c0-95516d287cef: status=PROGRESS
DEBUG 2025-09-23 19:26:52,828 [view_transcription] check_progress response for task e276adc0-8879-444d-96c0-95516d287cef: {'status': 'PROGRESS', 'task_id': 'e276adc0-8879-444d-96c0-95516d287cef', 'processed': 3, 'total': 5, 'current_file': '7_3264_001_combined.jpg', 'percent': 60, 'recent_results': [{'filename': '1_3264_001_combined.jpg', 'status': 'success', 'json_path': '1_3264_001_combined_result.json', 'duration': 7.93}, {'filename': '3_3264_001_combined.jpg', 'status': 'success', 'json_path': '3_3264_001_combined_result.json', 'duration': 9.06}, {'filename': '5_3264_001_combined.jpg', 'status': 'success', 'json_path': '5_3264_001_combined_result.json', 'duration': 7.74}], 'message': 'Traitement en cours...'}
INFO 2025-09-23 19:26:52,840 [basehttp] "GET /transcription/verifier-progression/ HTTP/1.1" 200 600
INFO 2025-09-23 19:26:53,794 [basehttp] "GET /__debug__/history_sidebar/?store_id=55e2bf74c5a44dd6bf909a85e5a9239d HTTP/1.1" 200 10124
DEBUG 2025-09-23 19:26:54,673 [tasks] JSON correctement parsé pour 7_3264_001_combined.jpg
INFO 2025-09-23 19:26:54,674 [tasks] Transcription réussie pour 7_3264_001_combined.jpg, durée: 9.96s
INFO 2025-09-23 19:26:54,674 [tasks] Traitement de l'image 5/5: 9_3264_001_combined.jpg
DEBUG 2025-09-23 19:26:54,807 [view_transcription] check_progress for task e276adc0-8879-444d-96c0-95516d287cef: status=PROGRESS
DEBUG 2025-09-23 19:26:54,809 [view_transcription] check_progress response for task e276adc0-8879-444d-96c0-95516d287cef: {'status': 'PROGRESS', 'task_id': 'e276adc0-8879-444d-96c0-95516d287cef', 'processed': 4, 'total': 5, 'current_file': '9_3264_001_combined.jpg', 'percent': 80, 'recent_results': [{'filename': '1_3264_001_combined.jpg', 'status': 'success', 'json_path': '1_3264_001_combined_result.json', 'duration': 7.93}, {'filename': '3_3264_001_combined.jpg', 'status': 'success', 'json_path': '3_3264_001_combined_result.json', 'duration': 9.06}, {'filename': '5_3264_001_combined.jpg', 'status': 'success', 'json_path': '5_3264_001_combined_result.json', 'duration': 7.74}, {'filename': '7_3264_001_combined.jpg', 'status': 'success', 'json_path': '7_3264_001_combined_result.json', 'duration': 9.96}], 'message': 'Traitement en cours...'}
INFO 2025-09-23 19:26:54,830 [basehttp] "GET /transcription/verifier-progression/ HTTP/1.1" 200 728
INFO 2025-09-23 19:26:55,782 [basehttp] "GET /__debug__/history_sidebar/?store_id=d403f7c337d54da2a322d21943091b75 HTTP/1.1" 200 10124
DEBUG 2025-09-23 19:26:56,806 [view_transcription] check_progress for task e276adc0-8879-444d-96c0-95516d287cef: status=PROGRESS
DEBUG 2025-09-23 19:26:56,808 [view_transcription] check_progress response for task e276adc0-8879-444d-96c0-95516d287cef: {'status': 'PROGRESS', 'task_id': 'e276adc0-8879-444d-96c0-95516d287cef', 'processed': 4, 'total': 5, 'current_file': '9_3264_001_combined.jpg', 'percent': 80, 'recent_results': [{'filename': '1_3264_001_combined.jpg', 'status': 'success', 'json_path': '1_3264_001_combined_result.json', 'duration': 7.93}, {'filename': '3_3264_001_combined.jpg', 'status': 'success', 'json_path': '3_3264_001_combined_result.json', 'duration': 9.06}, {'filename': '5_3264_001_combined.jpg', 'status': 'success', 'json_path': '5_3264_001_combined_result.json', 'duration': 7.74}, {'filename': '7_3264_001_combined.jpg', 'status': 'success', 'json_path': '7_3264_001_combined_result.json', 'duration': 9.96}], 'message': 'Traitement en cours...'}
INFO 2025-09-23 19:26:56,822 [basehttp] "GET /transcription/verifier-progression/ HTTP/1.1" 200 728
INFO 2025-09-23 19:26:57,785 [basehttp] "GET /__debug__/history_sidebar/?store_id=e032ec9164194a7a90bf3ffd3b7e48aa HTTP/1.1" 200 10124
DEBUG 2025-09-23 19:26:58,830 [view_transcription] check_progress for task e276adc0-8879-444d-96c0-95516d287cef: status=PROGRESS
DEBUG 2025-09-23 19:26:58,831 [view_transcription] check_progress response for task e276adc0-8879-444d-96c0-95516d287cef: {'status': 'PROGRESS', 'task_id': 'e276adc0-8879-444d-96c0-95516d287cef', 'processed': 4, 'total': 5, 'current_file': '9_3264_001_combined.jpg', 'percent': 80, 'recent_results': [{'filename': '1_3264_001_combined.jpg', 'status': 'success', 'json_path': '1_3264_001_combined_result.json', 'duration': 7.93}, {'filename': '3_3264_001_combined.jpg', 'status': 'success', 'json_path': '3_3264_001_combined_result.json', 'duration': 9.06}, {'filename': '5_3264_001_combined.jpg', 'status': 'success', 'json_path': '5_3264_001_combined_result.json', 'duration': 7.74}, {'filename': '7_3264_001_combined.jpg', 'status': 'success', 'json_path': '7_3264_001_combined_result.json', 'duration': 9.96}], 'message': 'Traitement en cours...'}
INFO 2025-09-23 19:26:58,843 [basehttp] "GET /transcription/verifier-progression/ HTTP/1.1" 200 728
INFO 2025-09-23 19:26:59,787 [basehttp] "GET /__debug__/history_sidebar/?store_id=8dd223ae6951425f9f4dea9191428d8b HTTP/1.1" 200 10124
DEBUG 2025-09-23 19:27:00,823 [view_transcription] check_progress for task e276adc0-8879-444d-96c0-95516d287cef: status=PROGRESS
DEBUG 2025-09-23 19:27:00,825 [view_transcription] check_progress response for task e276adc0-8879-444d-96c0-95516d287cef: {'status': 'PROGRESS', 'task_id': 'e276adc0-8879-444d-96c0-95516d287cef', 'processed': 4, 'total': 5, 'current_file': '9_3264_001_combined.jpg', 'percent': 80, 'recent_results': [{'filename': '1_3264_001_combined.jpg', 'status': 'success', 'json_path': '1_3264_001_combined_result.json', 'duration': 7.93}, {'filename': '3_3264_001_combined.jpg', 'status': 'success', 'json_path': '3_3264_001_combined_result.json', 'duration': 9.06}, {'filename': '5_3264_001_combined.jpg', 'status': 'success', 'json_path': '5_3264_001_combined_result.json', 'duration': 7.74}, {'filename': '7_3264_001_combined.jpg', 'status': 'success', 'json_path': '7_3264_001_combined_result.json', 'duration': 9.96}], 'message': 'Traitement en cours...'}
INFO 2025-09-23 19:27:00,843 [basehttp] "GET /transcription/verifier-progression/ HTTP/1.1" 200 728
DEBUG 2025-09-23 19:27:01,638 [tasks] JSON correctement parsé pour 9_3264_001_combined.jpg
INFO 2025-09-23 19:27:01,640 [tasks] Transcription réussie pour 9_3264_001_combined.jpg, durée: 6.97s
INFO 2025-09-23 19:27:01,640 [tasks] Task completed successfully, returning: {'status': 'SUCCESS', 'results': [{'filename': '1_3264_001_combined.jpg', 'status': 'success', 'json_path': '1_3264_001_combined_result.json', 'duration': 7.93}, {'filename': '3_3264_001_combined.jpg', 'status': 'success', 'json_path': '3_3264_001_combined_result.json', 'duration': 9.06}, {'filename': '5_3264_001_combined.jpg', 'status': 'success', 'json_path': '5_3264_001_combined_result.json', 'duration': 7.74}, {'filename': '7_3264_001_combined.jpg', 'status': 'success', 'json_path': '7_3264_001_combined_result.json', 'duration': 9.96}, {'filename': '9_3264_001_combined.jpg', 'status': 'success', 'json_path': '9_3264_001_combined_result.json', 'duration': 6.97}], 'directory': 'Rep1', 'duration': 41.66, 'processed': 5, 'total': 5, 'success_count': 5, 'success_rate': 100.0}
INFO 2025-09-23 19:27:01,791 [basehttp] "GET /__debug__/history_sidebar/?store_id=58953020d7ea49758a98486057251ddc HTTP/1.1" 200 10124
DEBUG 2025-09-23 19:27:02,828 [view_transcription] check_progress for task e276adc0-8879-444d-96c0-95516d287cef: status=SUCCESS
INFO 2025-09-23 19:27:02,829 [view_transcription] Task e276adc0-8879-444d-96c0-95516d287cef completed successfully. Sending redirect to /transcription/resultats/ with force_redirect flag
DEBUG 2025-09-23 19:27:02,830 [view_transcription] check_progress response for task e276adc0-8879-444d-96c0-95516d287cef: {'status': 'SUCCESS', 'task_id': 'e276adc0-8879-444d-96c0-95516d287cef', 'results': [{'filename': '1_3264_001_combined.jpg', 'status': 'success', 'json_path': '1_3264_001_combined_result.json', 'duration': 7.93}, {'filename': '3_3264_001_combined.jpg', 'status': 'success', 'json_path': '3_3264_001_combined_result.json', 'duration': 9.06}, {'filename': '5_3264_001_combined.jpg', 'status': 'success', 'json_path': '5_3264_001_combined_result.json', 'duration': 7.74}, {'filename': '7_3264_001_combined.jpg', 'status': 'success', 'json_path': '7_3264_001_combined_result.json', 'duration': 9.96}, {'filename': '9_3264_001_combined.jpg', 'status': 'success', 'json_path': '9_3264_001_combined_result.json', 'duration': 6.97}], 'directory': 'Rep1', 'duration': 41.66, 'processed': 5, 'total': 5, 'success_count': 5, 'success_rate': 100.0, 'percent': 100, 'redirect': '/transcription/resultats/', 'force_redirect': True}
INFO 2025-09-23 19:27:02,868 [basehttp] "GET /transcription/verifier-progression/ HTTP/1.1" 200 917
INFO 2025-09-23 19:27:02,956 [basehttp] "GET /transcription/resultats/ HTTP/1.1" 200 21203
